<?xml version="1.0" encoding="UTF-8"?>
<!-- Generated by org.testng.reporters.JUnitReportReporter -->
<testsuite skipped="0" hostname="DESKTOP-U63PT7Q" name="Tests.Gmail_Tests" tests="5" failures="0" timestamp="2023-06-03T00:41:55 IST" time="109.015" errors="0">
  <testcase name="getMailsWithDifferentParams" time="3.081" classname="Tests.Gmail_Tests"/>
  <system-out>
    <![CDATA[This is a test 1 was completed...
This is a test 2 was completed...
This is a test 3 was completed...]]>
  </system-out>
  <testcase name="getSpecificMail" time="100.340" classname="Tests.Gmail_Tests"/>
  <system-out/>
  <testcase name="deleteSpecificMail" time="2.514" classname="Tests.Gmail_Tests"/>
  <system-out/>
  <testcase name="sendMailTospecificToAddress" time="1.031" classname="Tests.Gmail_Tests"/>
  <system-out/>
  <testcase name="sendMailWithAttachment" time="2.049" classname="Tests.Gmail_Tests"/>
  <system-out/>
</testsuite> <!-- Tests.Gmail_Tests -->
