<?xml version="1.0" encoding="UTF-8"?>
<!-- Generated by org.testng.reporters.JUnitReportReporter -->
<testsuite skipped="0" hostname="DESKTOP-U63PT7Q" name="Tests.Accestoken" tests="1" failures="0" timestamp="2023-06-02T14:35:11 IST" time="14.960" errors="0">
  <testcase name="method" time="14.960" classname="Tests.Accestoken"/>
  <system-out/>
</testsuite> <!-- Tests.Accestoken -->
